[2025-10-20 18:05:07,527 ] gensim.models.word2vec INFO collecting all words and their counts
[2025-10-20 18:05:07,527 ] gensim.models.word2vec INFO PROGRESS: at sentence #0, processed 0 words, keeping 0 word types
[2025-10-20 18:05:07,618 ] gensim.models.word2vec INFO collected 36434 word types from a corpus of 658521 raw words and 7749 sentences
[2025-10-20 18:05:07,618 ] gensim.models.word2vec INFO Creating a fresh vocabulary
[2025-10-20 18:05:07,712 ] gensim.utils INFO Word2Vec lifecycle event {'msg': 'effective_min_count=1 retains 36434 unique words (100.00% of original 36434, drops 0)', 'datetime': '2025-10-20T18:05:07.702430', 'gensim': '4.3.2', 'python': '3.8.10 (tags/v3.8.10:3d8993a, May  3 2021, 11:48:03) [MSC v.1928 64 bit (AMD64)]', 'platform': 'Windows-10-10.0.19045-SP0', 'event': 'prepare_vocab'}
[2025-10-20 18:05:07,712 ] gensim.utils INFO Word2Vec lifecycle event {'msg': 'effective_min_count=1 leaves 658521 word corpus (100.00% of original 658521, drops 0)', 'datetime': '2025-10-20T18:05:07.712645', 'gensim': '4.3.2', 'python': '3.8.10 (tags/v3.8.10:3d8993a, May  3 2021, 11:48:03) [MSC v.1928 64 bit (AMD64)]', 'platform': 'Windows-10-10.0.19045-SP0', 'event': 'prepare_vocab'}
[2025-10-20 18:05:07,873 ] gensim.models.word2vec INFO deleting the raw counts dictionary of 36434 items
[2025-10-20 18:05:07,873 ] gensim.models.word2vec INFO sample=0.001 downsamples 39 most-common words
[2025-10-20 18:05:07,875 ] gensim.utils INFO Word2Vec lifecycle event {'msg': 'downsampling leaves estimated 534359.0629332416 word corpus (81.1%% of prior 658521)', 'datetime': '2025-10-20T18:05:07.875746', 'gensim': '4.3.2', 'python': '3.8.10 (tags/v3.8.10:3d8993a, May  3 2021, 11:48:03) [MSC v.1928 64 bit (AMD64)]', 'platform': 'Windows-10-10.0.19045-SP0', 'event': 'prepare_vocab'}
[2025-10-20 18:05:08,104 ] gensim.models.word2vec INFO estimated required memory for 36434 words and 300 dimensions: 105658600 bytes
[2025-10-20 18:05:08,104 ] gensim.models.word2vec INFO resetting layer weights
[2025-10-20 18:05:08,168 ] gensim.utils INFO Word2Vec lifecycle event {'update': False, 'trim_rule': 'None', 'datetime': '2025-10-20T18:05:08.168769', 'gensim': '4.3.2', 'python': '3.8.10 (tags/v3.8.10:3d8993a, May  3 2021, 11:48:03) [MSC v.1928 64 bit (AMD64)]', 'platform': 'Windows-10-10.0.19045-SP0', 'event': 'build_vocab'}
[2025-10-20 18:05:08,168 ] gensim.utils INFO Word2Vec lifecycle event {'msg': 'training model with 4 workers on 36434 vocabulary and 300 features, using sg=1 hs=0 sample=0.001 negative=5 window=5 shrink_windows=True', 'datetime': '2025-10-20T18:05:08.168769', 'gensim': '4.3.2', 'python': '3.8.10 (tags/v3.8.10:3d8993a, May  3 2021, 11:48:03) [MSC v.1928 64 bit (AMD64)]', 'platform': 'Windows-10-10.0.19045-SP0', 'event': 'train'}
[2025-10-20 18:05:09,207 ] gensim.models.word2vec INFO EPOCH 0 - PROGRESS: at 39.75% examples, 190052 words/s, in_qsize 8, out_qsize 0
[2025-10-20 18:05:10,231 ] gensim.models.word2vec INFO EPOCH 0 - PROGRESS: at 79.55% examples, 206697 words/s, in_qsize 7, out_qsize 0
[2025-10-20 18:05:10,639 ] gensim.models.word2vec INFO EPOCH 0: training on 658521 raw words (534396 effective words) took 2.5s, 216253 effective words/s
[2025-10-20 18:05:11,745 ] gensim.models.word2vec INFO EPOCH 1 - PROGRESS: at 45.28% examples, 209911 words/s, in_qsize 7, out_qsize 0
[2025-10-20 18:05:12,751 ] gensim.models.word2vec INFO EPOCH 1 - PROGRESS: at 86.62% examples, 220467 words/s, in_qsize 7, out_qsize 0
[2025-10-20 18:05:13,044 ] gensim.models.word2vec INFO EPOCH 1: training on 658521 raw words (534136 effective words) took 2.4s, 222818 effective words/s
[2025-10-20 18:05:14,045 ] gensim.models.word2vec INFO EPOCH 2 - PROGRESS: at 39.75% examples, 197298 words/s, in_qsize 8, out_qsize 0
[2025-10-20 18:05:15,059 ] gensim.models.word2vec INFO EPOCH 2 - PROGRESS: at 77.93% examples, 207687 words/s, in_qsize 8, out_qsize 0
[2025-10-20 18:05:15,553 ] gensim.models.word2vec INFO EPOCH 2: training on 658521 raw words (534589 effective words) took 2.5s, 213022 effective words/s
[2025-10-20 18:05:16,567 ] gensim.models.word2vec INFO EPOCH 3 - PROGRESS: at 43.55% examples, 221060 words/s, in_qsize 8, out_qsize 0
[2025-10-20 18:05:17,574 ] gensim.models.word2vec INFO EPOCH 3 - PROGRESS: at 82.67% examples, 219174 words/s, in_qsize 7, out_qsize 0
[2025-10-20 18:05:17,951 ] gensim.models.word2vec INFO EPOCH 3: training on 658521 raw words (534334 effective words) took 2.4s, 223190 effective words/s
[2025-10-20 18:05:18,963 ] gensim.models.word2vec INFO EPOCH 4 - PROGRESS: at 39.75% examples, 196733 words/s, in_qsize 7, out_qsize 0
[2025-10-20 18:05:19,972 ] gensim.models.word2vec INFO EPOCH 4 - PROGRESS: at 81.56% examples, 215336 words/s, in_qsize 7, out_qsize 0
[2025-10-20 18:05:20,350 ] gensim.models.word2vec INFO EPOCH 4: training on 658521 raw words (534079 effective words) took 2.4s, 223223 effective words/s
[2025-10-20 18:05:21,429 ] gensim.models.word2vec INFO EPOCH 5 - PROGRESS: at 45.28% examples, 214581 words/s, in_qsize 7, out_qsize 0
[2025-10-20 18:05:22,435 ] gensim.models.word2vec INFO EPOCH 5 - PROGRESS: at 85.30% examples, 220357 words/s, in_qsize 8, out_qsize 0
[2025-10-20 18:05:22,728 ] gensim.models.word2vec INFO EPOCH 5: training on 658521 raw words (534351 effective words) took 2.4s, 225374 effective words/s
[2025-10-20 18:05:23,739 ] gensim.models.word2vec INFO EPOCH 6 - PROGRESS: at 43.55% examples, 219797 words/s, in_qsize 7, out_qsize 0
[2025-10-20 18:05:24,742 ] gensim.models.word2vec INFO EPOCH 6 - PROGRESS: at 79.55% examples, 210875 words/s, in_qsize 8, out_qsize 0
[2025-10-20 18:05:25,139 ] gensim.models.word2vec INFO EPOCH 6: training on 658521 raw words (534054 effective words) took 2.4s, 221300 effective words/s
[2025-10-20 18:05:26,235 ] gensim.models.word2vec INFO EPOCH 7 - PROGRESS: at 45.28% examples, 211757 words/s, in_qsize 7, out_qsize 0
[2025-10-20 18:05:27,245 ] gensim.models.word2vec INFO EPOCH 7 - PROGRESS: at 86.62% examples, 221892 words/s, in_qsize 7, out_qsize 0
[2025-10-20 18:05:27,496 ] gensim.models.word2vec INFO EPOCH 7: training on 658521 raw words (534233 effective words) took 2.4s, 227136 effective words/s
[2025-10-20 18:05:28,565 ] gensim.models.word2vec INFO EPOCH 8 - PROGRESS: at 45.28% examples, 217256 words/s, in_qsize 8, out_qsize 0
[2025-10-20 18:05:29,569 ] gensim.models.word2vec INFO EPOCH 8 - PROGRESS: at 85.30% examples, 221668 words/s, in_qsize 7, out_qsize 0
[2025-10-20 18:05:29,864 ] gensim.models.word2vec INFO EPOCH 8: training on 658521 raw words (534435 effective words) took 2.4s, 226685 effective words/s
[2025-10-20 18:05:30,917 ] gensim.models.word2vec INFO EPOCH 9 - PROGRESS: at 45.28% examples, 219312 words/s, in_qsize 7, out_qsize 0
[2025-10-20 18:05:31,946 ] gensim.models.word2vec INFO EPOCH 9 - PROGRESS: at 88.30% examples, 227828 words/s, in_qsize 7, out_qsize 0
[2025-10-20 18:05:32,156 ] gensim.models.word2vec INFO EPOCH 9: training on 658521 raw words (534529 effective words) took 2.3s, 233830 effective words/s
[2025-10-20 18:05:33,234 ] gensim.models.word2vec INFO EPOCH 10 - PROGRESS: at 45.28% examples, 213299 words/s, in_qsize 8, out_qsize 0
[2025-10-20 18:05:34,248 ] gensim.models.word2vec INFO EPOCH 10 - PROGRESS: at 84.95% examples, 218312 words/s, in_qsize 7, out_qsize 0
[2025-10-20 18:05:34,510 ] gensim.models.word2vec INFO EPOCH 10: training on 658521 raw words (534579 effective words) took 2.3s, 227530 effective words/s
[2025-10-20 18:05:35,573 ] gensim.models.word2vec INFO EPOCH 11 - PROGRESS: at 45.28% examples, 217082 words/s, in_qsize 7, out_qsize 0
[2025-10-20 18:05:36,578 ] gensim.models.word2vec INFO EPOCH 11 - PROGRESS: at 89.86% examples, 232602 words/s, in_qsize 7, out_qsize 0
[2025-10-20 18:05:36,807 ] gensim.models.word2vec INFO EPOCH 11: training on 658521 raw words (534212 effective words) took 2.3s, 232768 effective words/s
[2025-10-20 18:05:37,830 ] gensim.models.word2vec INFO EPOCH 12 - PROGRESS: at 45.28% examples, 223074 words/s, in_qsize 8, out_qsize 0
[2025-10-20 18:05:38,843 ] gensim.models.word2vec INFO EPOCH 12 - PROGRESS: at 79.55% examples, 208877 words/s, in_qsize 7, out_qsize 0
[2025-10-20 18:05:39,552 ] gensim.models.word2vec INFO EPOCH 12: training on 658521 raw words (534272 effective words) took 2.7s, 194667 effective words/s
[2025-10-20 18:05:40,563 ] gensim.models.word2vec INFO EPOCH 13 - PROGRESS: at 40.48% examples, 204399 words/s, in_qsize 7, out_qsize 0
[2025-10-20 18:05:41,589 ] gensim.models.word2vec INFO EPOCH 13 - PROGRESS: at 82.67% examples, 217559 words/s, in_qsize 7, out_qsize 0
[2025-10-20 18:05:41,956 ] gensim.models.word2vec INFO EPOCH 13: training on 658521 raw words (534362 effective words) took 2.4s, 222900 effective words/s
[2025-10-20 18:05:42,981 ] gensim.models.word2vec INFO EPOCH 14 - PROGRESS: at 45.28% examples, 224302 words/s, in_qsize 8, out_qsize 0
[2025-10-20 18:05:44,013 ] gensim.models.word2vec INFO EPOCH 14 - PROGRESS: at 86.62% examples, 226845 words/s, in_qsize 7, out_qsize 0
[2025-10-20 18:05:44,281 ] gensim.models.word2vec INFO EPOCH 14: training on 658521 raw words (534134 effective words) took 2.3s, 229987 effective words/s
[2025-10-20 18:05:45,368 ] gensim.models.word2vec INFO EPOCH 15 - PROGRESS: at 45.28% examples, 212969 words/s, in_qsize 8, out_qsize 0
[2025-10-20 18:05:46,473 ] gensim.models.word2vec INFO EPOCH 15 - PROGRESS: at 91.86% examples, 223536 words/s, in_qsize 6, out_qsize 0
[2025-10-20 18:05:46,579 ] gensim.models.word2vec INFO EPOCH 15: training on 658521 raw words (534542 effective words) took 2.3s, 232741 effective words/s
[2025-10-20 18:05:47,659 ] gensim.models.word2vec INFO EPOCH 16 - PROGRESS: at 45.28% examples, 215238 words/s, in_qsize 8, out_qsize 0
[2025-10-20 18:05:48,663 ] gensim.models.word2vec INFO EPOCH 16 - PROGRESS: at 88.30% examples, 228329 words/s, in_qsize 8, out_qsize 0
[2025-10-20 18:05:48,886 ] gensim.models.word2vec INFO EPOCH 16: training on 658521 raw words (534481 effective words) took 2.3s, 231989 effective words/s
[2025-10-20 18:05:49,975 ] gensim.models.word2vec INFO EPOCH 17 - PROGRESS: at 45.28% examples, 212941 words/s, in_qsize 7, out_qsize 0
[2025-10-20 18:05:51,042 ] gensim.models.word2vec INFO EPOCH 17 - PROGRESS: at 91.86% examples, 227960 words/s, in_qsize 6, out_qsize 0
[2025-10-20 18:05:51,166 ] gensim.models.word2vec INFO EPOCH 17: training on 658521 raw words (534318 effective words) took 2.3s, 235351 effective words/s
[2025-10-20 18:05:52,229 ] gensim.models.word2vec INFO EPOCH 18 - PROGRESS: at 45.28% examples, 217307 words/s, in_qsize 7, out_qsize 0
[2025-10-20 18:05:53,305 ] gensim.models.word2vec INFO EPOCH 18 - PROGRESS: at 91.86% examples, 229362 words/s, in_qsize 6, out_qsize 0
[2025-10-20 18:05:53,419 ] gensim.models.word2vec INFO EPOCH 18: training on 658521 raw words (534228 effective words) took 2.2s, 237650 effective words/s
[2025-10-20 18:05:54,486 ] gensim.models.word2vec INFO EPOCH 19 - PROGRESS: at 45.28% examples, 216512 words/s, in_qsize 8, out_qsize 0
[2025-10-20 18:05:55,544 ] gensim.models.word2vec INFO EPOCH 19 - PROGRESS: at 88.30% examples, 223222 words/s, in_qsize 7, out_qsize 1
[2025-10-20 18:05:55,732 ] gensim.models.word2vec INFO EPOCH 19: training on 658521 raw words (534522 effective words) took 2.3s, 231437 effective words/s
[2025-10-20 18:05:56,738 ] gensim.models.word2vec INFO EPOCH 20 - PROGRESS: at 45.28% examples, 228059 words/s, in_qsize 8, out_qsize 0
[2025-10-20 18:05:57,773 ] gensim.models.word2vec INFO EPOCH 20 - PROGRESS: at 88.30% examples, 232141 words/s, in_qsize 8, out_qsize 0
[2025-10-20 18:05:58,013 ] gensim.models.word2vec INFO EPOCH 20: training on 658521 raw words (534200 effective words) took 2.3s, 234789 effective words/s
[2025-10-20 18:05:59,039 ] gensim.models.word2vec INFO EPOCH 21 - PROGRESS: at 45.28% examples, 224803 words/s, in_qsize 8, out_qsize 0
[2025-10-20 18:06:00,050 ] gensim.models.word2vec INFO EPOCH 21 - PROGRESS: at 85.30% examples, 224985 words/s, in_qsize 7, out_qsize 0
[2025-10-20 18:06:00,312 ] gensim.models.word2vec INFO EPOCH 21: training on 658521 raw words (534434 effective words) took 2.3s, 232146 effective words/s
[2025-10-20 18:06:01,346 ] gensim.models.word2vec INFO EPOCH 22 - PROGRESS: at 45.28% examples, 224074 words/s, in_qsize 7, out_qsize 0
[2025-10-20 18:06:02,432 ] gensim.models.word2vec INFO EPOCH 22 - PROGRESS: at 91.38% examples, 231905 words/s, in_qsize 6, out_qsize 0
[2025-10-20 18:06:02,537 ] gensim.models.word2vec INFO EPOCH 22: training on 658521 raw words (534512 effective words) took 2.2s, 241241 effective words/s
[2025-10-20 18:06:03,568 ] gensim.models.word2vec INFO EPOCH 23 - PROGRESS: at 45.28% examples, 223304 words/s, in_qsize 7, out_qsize 0
[2025-10-20 18:06:04,570 ] gensim.models.word2vec INFO EPOCH 23 - PROGRESS: at 88.30% examples, 232579 words/s, in_qsize 8, out_qsize 0
[2025-10-20 18:06:04,798 ] gensim.models.word2vec INFO EPOCH 23: training on 658521 raw words (534419 effective words) took 2.3s, 236504 effective words/s
[2025-10-20 18:06:05,820 ] gensim.models.word2vec INFO EPOCH 24 - PROGRESS: at 45.28% examples, 225430 words/s, in_qsize 7, out_qsize 0
[2025-10-20 18:06:06,892 ] gensim.models.word2vec INFO EPOCH 24 - PROGRESS: at 91.86% examples, 233663 words/s, in_qsize 6, out_qsize 0
[2025-10-20 18:06:07,013 ] gensim.models.word2vec INFO EPOCH 24: training on 658521 raw words (534206 effective words) took 2.2s, 241548 effective words/s
[2025-10-20 18:06:07,013 ] gensim.utils INFO Word2Vec lifecycle event {'msg': 'training on 16463025 raw words (13358557 effective words) took 58.8s, 227005 effective words/s', 'datetime': '2025-10-20T18:06:07.013714', 'gensim': '4.3.2', 'python': '3.8.10 (tags/v3.8.10:3d8993a, May  3 2021, 11:48:03) [MSC v.1928 64 bit (AMD64)]', 'platform': 'Windows-10-10.0.19045-SP0', 'event': 'train'}
[2025-10-20 18:06:07,013 ] gensim.utils INFO Word2Vec lifecycle event {'params': 'Word2Vec<vocab=36434, vector_size=300, alpha=0.025>', 'datetime': '2025-10-20T18:06:07.013714', 'gensim': '4.3.2', 'python': '3.8.10 (tags/v3.8.10:3d8993a, May  3 2021, 11:48:03) [MSC v.1928 64 bit (AMD64)]', 'platform': 'Windows-10-10.0.19045-SP0', 'event': 'created'}
[2025-10-20 18:06:07,013 ] gensim.utils INFO Word2Vec lifecycle event {'fname_or_handle': '../w2v_model/word2vec.model', 'separately': 'None', 'sep_limit': 10485760, 'ignore': frozenset(), 'datetime': '2025-10-20T18:06:07.013714', 'gensim': '4.3.2', 'python': '3.8.10 (tags/v3.8.10:3d8993a, May  3 2021, 11:48:03) [MSC v.1928 64 bit (AMD64)]', 'platform': 'Windows-10-10.0.19045-SP0', 'event': 'saving'}
[2025-10-20 18:06:07,013 ] gensim.utils INFO storing np array 'vectors' to ../w2v_model/word2vec.model.wv.vectors.npy
[2025-10-20 18:06:07,059 ] gensim.utils INFO storing np array 'syn1neg' to ../w2v_model/word2vec.model.syn1neg.npy
[2025-10-20 18:06:07,122 ] gensim.utils INFO not storing attribute cum_table
[2025-10-20 18:06:07,149 ] gensim.utils INFO saved ../w2v_model/word2vec.model
[2025-10-20 18:06:07,155 ] gensim.utils INFO loading Word2Vec object from ../w2v_model/word2vec.model
[2025-10-20 18:06:07,183 ] gensim.utils INFO loading wv recursively from ../w2v_model/word2vec.model.wv.* with mmap=None
[2025-10-20 18:06:07,183 ] gensim.utils INFO loading vectors from ../w2v_model/word2vec.model.wv.vectors.npy with mmap=None
[2025-10-20 18:06:07,219 ] gensim.utils INFO loading syn1neg from ../w2v_model/word2vec.model.syn1neg.npy with mmap=None
[2025-10-20 18:06:07,244 ] gensim.utils INFO setting ignored attribute cum_table to None
[2025-10-20 18:06:07,477 ] gensim.utils INFO Word2Vec lifecycle event {'fname': '../w2v_model/word2vec.model', 'datetime': '2025-10-20T18:06:07.477506', 'gensim': '4.3.2', 'python': '3.8.10 (tags/v3.8.10:3d8993a, May  3 2021, 11:48:03) [MSC v.1928 64 bit (AMD64)]', 'platform': 'Windows-10-10.0.19045-SP0', 'event': 'loaded'}
