[2025-10-19 14:59:49,263 ] gensim.models.word2vec INFO collecting all words and their counts
[2025-10-19 14:59:49,263 ] gensim.models.word2vec INFO PROGRESS: at sentence #0, processed 0 words, keeping 0 word types
[2025-10-19 14:59:49,355 ] gensim.models.word2vec INFO collected 36434 word types from a corpus of 658521 raw words and 7749 sentences
[2025-10-19 14:59:49,355 ] gensim.models.word2vec INFO Creating a fresh vocabulary
[2025-10-19 14:59:49,466 ] gensim.utils INFO Word2Vec lifecycle event {'msg': 'effective_min_count=1 retains 36434 unique words (100.00% of original 36434, drops 0)', 'datetime': '2025-10-19T14:59:49.444112', 'gensim': '4.3.2', 'python': '3.8.10 (tags/v3.8.10:3d8993a, May  3 2021, 11:48:03) [MSC v.1928 64 bit (AMD64)]', 'platform': 'Windows-10-10.0.19045-SP0', 'event': 'prepare_vocab'}
[2025-10-19 14:59:49,481 ] gensim.utils INFO Word2Vec lifecycle event {'msg': 'effective_min_count=1 leaves 658521 word corpus (100.00% of original 658521, drops 0)', 'datetime': '2025-10-19T14:59:49.481894', 'gensim': '4.3.2', 'python': '3.8.10 (tags/v3.8.10:3d8993a, May  3 2021, 11:48:03) [MSC v.1928 64 bit (AMD64)]', 'platform': 'Windows-10-10.0.19045-SP0', 'event': 'prepare_vocab'}
[2025-10-19 14:59:49,613 ] gensim.models.word2vec INFO deleting the raw counts dictionary of 36434 items
[2025-10-19 14:59:49,629 ] gensim.models.word2vec INFO sample=0.001 downsamples 39 most-common words
[2025-10-19 14:59:49,629 ] gensim.utils INFO Word2Vec lifecycle event {'msg': 'downsampling leaves estimated 534359.0629332416 word corpus (81.1%% of prior 658521)', 'datetime': '2025-10-19T14:59:49.629092', 'gensim': '4.3.2', 'python': '3.8.10 (tags/v3.8.10:3d8993a, May  3 2021, 11:48:03) [MSC v.1928 64 bit (AMD64)]', 'platform': 'Windows-10-10.0.19045-SP0', 'event': 'prepare_vocab'}
[2025-10-19 14:59:49,879 ] gensim.models.word2vec INFO estimated required memory for 36434 words and 300 dimensions: 105658600 bytes
[2025-10-19 14:59:49,879 ] gensim.models.word2vec INFO resetting layer weights
[2025-10-19 14:59:49,940 ] gensim.utils INFO Word2Vec lifecycle event {'update': False, 'trim_rule': 'None', 'datetime': '2025-10-19T14:59:49.940542', 'gensim': '4.3.2', 'python': '3.8.10 (tags/v3.8.10:3d8993a, May  3 2021, 11:48:03) [MSC v.1928 64 bit (AMD64)]', 'platform': 'Windows-10-10.0.19045-SP0', 'event': 'build_vocab'}
[2025-10-19 14:59:49,940 ] gensim.utils INFO Word2Vec lifecycle event {'msg': 'training model with 4 workers on 36434 vocabulary and 300 features, using sg=1 hs=0 sample=0.001 negative=5 window=5 shrink_windows=True', 'datetime': '2025-10-19T14:59:49.940542', 'gensim': '4.3.2', 'python': '3.8.10 (tags/v3.8.10:3d8993a, May  3 2021, 11:48:03) [MSC v.1928 64 bit (AMD64)]', 'platform': 'Windows-10-10.0.19045-SP0', 'event': 'train'}
[2025-10-19 14:59:50,974 ] gensim.models.word2vec INFO EPOCH 0 - PROGRESS: at 32.84% examples, 161928 words/s, in_qsize 7, out_qsize 0
[2025-10-19 14:59:51,976 ] gensim.models.word2vec INFO EPOCH 0 - PROGRESS: at 65.14% examples, 169667 words/s, in_qsize 7, out_qsize 0
[2025-10-19 14:59:52,955 ] gensim.models.word2vec INFO EPOCH 0: training on 658521 raw words (533968 effective words) took 3.0s, 177687 effective words/s
[2025-10-19 14:59:54,013 ] gensim.models.word2vec INFO EPOCH 1 - PROGRESS: at 34.61% examples, 165076 words/s, in_qsize 7, out_qsize 0
[2025-10-19 14:59:55,072 ] gensim.models.word2vec INFO EPOCH 1 - PROGRESS: at 69.52% examples, 174778 words/s, in_qsize 7, out_qsize 0
[2025-10-19 14:59:55,887 ] gensim.models.word2vec INFO EPOCH 1: training on 658521 raw words (534122 effective words) took 2.9s, 182476 effective words/s
[2025-10-19 14:59:56,933 ] gensim.models.word2vec INFO EPOCH 2 - PROGRESS: at 39.75% examples, 189254 words/s, in_qsize 7, out_qsize 0
[2025-10-19 14:59:57,976 ] gensim.models.word2vec INFO EPOCH 2 - PROGRESS: at 79.55% examples, 203663 words/s, in_qsize 8, out_qsize 0
[2025-10-19 14:59:58,414 ] gensim.models.word2vec INFO EPOCH 2: training on 658521 raw words (534675 effective words) took 2.5s, 211672 effective words/s
[2025-10-19 14:59:59,428 ] gensim.models.word2vec INFO EPOCH 3 - PROGRESS: at 39.80% examples, 195256 words/s, in_qsize 6, out_qsize 1
[2025-10-19 15:00:00,469 ] gensim.models.word2vec INFO EPOCH 3 - PROGRESS: at 79.95% examples, 206875 words/s, in_qsize 8, out_qsize 0
[2025-10-19 15:00:00,908 ] gensim.models.word2vec INFO EPOCH 3: training on 658521 raw words (534301 effective words) took 2.5s, 214470 effective words/s
[2025-10-19 15:00:01,948 ] gensim.models.word2vec INFO EPOCH 4 - PROGRESS: at 39.75% examples, 191872 words/s, in_qsize 7, out_qsize 0
[2025-10-19 15:00:02,980 ] gensim.models.word2vec INFO EPOCH 4 - PROGRESS: at 79.95% examples, 206223 words/s, in_qsize 8, out_qsize 0
[2025-10-19 15:00:03,388 ] gensim.models.word2vec INFO EPOCH 4: training on 658521 raw words (534454 effective words) took 2.5s, 215997 effective words/s
[2025-10-19 15:00:04,442 ] gensim.models.word2vec INFO EPOCH 5 - PROGRESS: at 32.84% examples, 158495 words/s, in_qsize 7, out_qsize 0
[2025-10-19 15:00:05,495 ] gensim.models.word2vec INFO EPOCH 5 - PROGRESS: at 73.74% examples, 186683 words/s, in_qsize 7, out_qsize 0
[2025-10-19 15:00:06,048 ] gensim.models.word2vec INFO EPOCH 5: training on 658521 raw words (533940 effective words) took 2.7s, 201063 effective words/s
[2025-10-19 15:00:07,090 ] gensim.models.word2vec INFO EPOCH 6 - PROGRESS: at 39.75% examples, 190223 words/s, in_qsize 7, out_qsize 0
[2025-10-19 15:00:08,169 ] gensim.models.word2vec INFO EPOCH 6 - PROGRESS: at 79.55% examples, 201285 words/s, in_qsize 8, out_qsize 0
[2025-10-19 15:00:08,588 ] gensim.models.word2vec INFO EPOCH 6: training on 658521 raw words (534089 effective words) took 2.5s, 210581 effective words/s
[2025-10-19 15:00:09,602 ] gensim.models.word2vec INFO EPOCH 7 - PROGRESS: at 40.48% examples, 203057 words/s, in_qsize 8, out_qsize 0
[2025-10-19 15:00:10,636 ] gensim.models.word2vec INFO EPOCH 7 - PROGRESS: at 79.55% examples, 208452 words/s, in_qsize 8, out_qsize 0
[2025-10-19 15:00:11,044 ] gensim.models.word2vec INFO EPOCH 7: training on 658521 raw words (533949 effective words) took 2.5s, 217760 effective words/s
[2025-10-19 15:00:12,075 ] gensim.models.word2vec INFO EPOCH 8 - PROGRESS: at 40.48% examples, 201203 words/s, in_qsize 7, out_qsize 0
[2025-10-19 15:00:13,075 ] gensim.models.word2vec INFO EPOCH 8 - PROGRESS: at 79.55% examples, 210167 words/s, in_qsize 7, out_qsize 0
[2025-10-19 15:00:13,514 ] gensim.models.word2vec INFO EPOCH 8: training on 658521 raw words (534300 effective words) took 2.5s, 216774 effective words/s
[2025-10-19 15:00:14,528 ] gensim.models.word2vec INFO EPOCH 9 - PROGRESS: at 43.55% examples, 220018 words/s, in_qsize 8, out_qsize 0
[2025-10-19 15:00:15,554 ] gensim.models.word2vec INFO EPOCH 9 - PROGRESS: at 79.55% examples, 208939 words/s, in_qsize 7, out_qsize 0
[2025-10-19 15:00:15,992 ] gensim.models.word2vec INFO EPOCH 9: training on 658521 raw words (533977 effective words) took 2.5s, 215814 effective words/s
[2025-10-19 15:00:17,000 ] gensim.models.word2vec INFO EPOCH 10 - PROGRESS: at 39.75% examples, 196413 words/s, in_qsize 8, out_qsize 0
[2025-10-19 15:00:18,062 ] gensim.models.word2vec INFO EPOCH 10 - PROGRESS: at 79.55% examples, 206371 words/s, in_qsize 7, out_qsize 0
[2025-10-19 15:00:18,492 ] gensim.models.word2vec INFO EPOCH 10: training on 658521 raw words (534224 effective words) took 2.5s, 213775 effective words/s
[2025-10-19 15:00:19,506 ] gensim.models.word2vec INFO EPOCH 11 - PROGRESS: at 41.36% examples, 204309 words/s, in_qsize 8, out_qsize 0
[2025-10-19 15:00:20,516 ] gensim.models.word2vec INFO EPOCH 11 - PROGRESS: at 81.56% examples, 215413 words/s, in_qsize 7, out_qsize 0
[2025-10-19 15:00:20,891 ] gensim.models.word2vec INFO EPOCH 11: training on 658521 raw words (534628 effective words) took 2.4s, 223968 effective words/s
[2025-10-19 15:00:21,992 ] gensim.models.word2vec INFO EPOCH 12 - PROGRESS: at 45.28% examples, 209985 words/s, in_qsize 8, out_qsize 0
[2025-10-19 15:00:23,056 ] gensim.models.word2vec INFO EPOCH 12 - PROGRESS: at 85.30% examples, 211845 words/s, in_qsize 8, out_qsize 0
[2025-10-19 15:00:23,335 ] gensim.models.word2vec INFO EPOCH 12: training on 658521 raw words (534411 effective words) took 2.4s, 218778 effective words/s
[2025-10-19 15:00:24,350 ] gensim.models.word2vec INFO EPOCH 13 - PROGRESS: at 41.94% examples, 211499 words/s, in_qsize 8, out_qsize 0
[2025-10-19 15:00:25,358 ] gensim.models.word2vec INFO EPOCH 13 - PROGRESS: at 83.64% examples, 223085 words/s, in_qsize 8, out_qsize 0
[2025-10-19 15:00:25,725 ] gensim.models.word2vec INFO EPOCH 13: training on 658521 raw words (534214 effective words) took 2.4s, 224062 effective words/s
[2025-10-19 15:00:26,814 ] gensim.models.word2vec INFO EPOCH 14 - PROGRESS: at 45.28% examples, 212560 words/s, in_qsize 8, out_qsize 0
[2025-10-19 15:00:27,860 ] gensim.models.word2vec INFO EPOCH 14 - PROGRESS: at 84.95% examples, 214237 words/s, in_qsize 7, out_qsize 0
[2025-10-19 15:00:28,130 ] gensim.models.word2vec INFO EPOCH 14: training on 658521 raw words (534063 effective words) took 2.4s, 222700 effective words/s
[2025-10-19 15:00:29,158 ] gensim.models.word2vec INFO EPOCH 15 - PROGRESS: at 39.75% examples, 191781 words/s, in_qsize 7, out_qsize 0
[2025-10-19 15:00:30,221 ] gensim.models.word2vec INFO EPOCH 15 - PROGRESS: at 79.95% examples, 202385 words/s, in_qsize 7, out_qsize 0
[2025-10-19 15:00:30,659 ] gensim.models.word2vec INFO EPOCH 15: training on 658521 raw words (534326 effective words) took 2.5s, 211135 effective words/s
[2025-10-19 15:00:31,699 ] gensim.models.word2vec INFO EPOCH 16 - PROGRESS: at 39.75% examples, 191401 words/s, in_qsize 8, out_qsize 0
[2025-10-19 15:00:32,790 ] gensim.models.word2vec INFO EPOCH 16 - PROGRESS: at 79.55% examples, 200515 words/s, in_qsize 7, out_qsize 0
[2025-10-19 15:00:33,218 ] gensim.models.word2vec INFO EPOCH 16: training on 658521 raw words (534214 effective words) took 2.6s, 209412 effective words/s
[2025-10-19 15:00:34,228 ] gensim.models.word2vec INFO EPOCH 17 - PROGRESS: at 45.28% examples, 227643 words/s, in_qsize 7, out_qsize 0
[2025-10-19 15:00:35,249 ] gensim.models.word2vec INFO EPOCH 17 - PROGRESS: at 88.30% examples, 233091 words/s, in_qsize 7, out_qsize 0
[2025-10-19 15:00:35,436 ] gensim.models.word2vec INFO EPOCH 17: training on 658521 raw words (534164 effective words) took 2.2s, 241201 effective words/s
[2025-10-19 15:00:36,476 ] gensim.models.word2vec INFO EPOCH 18 - PROGRESS: at 45.28% examples, 222439 words/s, in_qsize 8, out_qsize 0
[2025-10-19 15:00:37,506 ] gensim.models.word2vec INFO EPOCH 18 - PROGRESS: at 85.30% examples, 221379 words/s, in_qsize 7, out_qsize 0
[2025-10-19 15:00:37,769 ] gensim.models.word2vec INFO EPOCH 18: training on 658521 raw words (534347 effective words) took 2.3s, 229177 effective words/s
[2025-10-19 15:00:38,797 ] gensim.models.word2vec INFO EPOCH 19 - PROGRESS: at 45.28% examples, 224962 words/s, in_qsize 7, out_qsize 0
[2025-10-19 15:00:39,902 ] gensim.models.word2vec INFO EPOCH 19 - PROGRESS: at 91.38% examples, 230070 words/s, in_qsize 6, out_qsize 0
[2025-10-19 15:00:40,005 ] gensim.models.word2vec INFO EPOCH 19: training on 658521 raw words (533828 effective words) took 2.2s, 239680 effective words/s
[2025-10-19 15:00:41,088 ] gensim.models.word2vec INFO EPOCH 20 - PROGRESS: at 45.28% examples, 213411 words/s, in_qsize 8, out_qsize 0
[2025-10-19 15:00:42,101 ] gensim.models.word2vec INFO EPOCH 20 - PROGRESS: at 84.95% examples, 218479 words/s, in_qsize 7, out_qsize 0
[2025-10-19 15:00:42,352 ] gensim.models.word2vec INFO EPOCH 20: training on 658521 raw words (534271 effective words) took 2.3s, 227693 effective words/s
[2025-10-19 15:00:43,391 ] gensim.models.word2vec INFO EPOCH 21 - PROGRESS: at 45.28% examples, 222065 words/s, in_qsize 7, out_qsize 0
[2025-10-19 15:00:44,400 ] gensim.models.word2vec INFO EPOCH 21 - PROGRESS: at 84.95% examples, 223504 words/s, in_qsize 7, out_qsize 0
[2025-10-19 15:00:44,662 ] gensim.models.word2vec INFO EPOCH 21: training on 658521 raw words (534486 effective words) took 2.3s, 232226 effective words/s
[2025-10-19 15:00:45,678 ] gensim.models.word2vec INFO EPOCH 22 - PROGRESS: at 45.28% examples, 225804 words/s, in_qsize 8, out_qsize 0
[2025-10-19 15:00:46,774 ] gensim.models.word2vec INFO EPOCH 22 - PROGRESS: at 91.86% examples, 231761 words/s, in_qsize 6, out_qsize 0
[2025-10-19 15:00:46,888 ] gensim.models.word2vec INFO EPOCH 22: training on 658521 raw words (533916 effective words) took 2.2s, 239542 effective words/s
[2025-10-19 15:00:47,927 ] gensim.models.word2vec INFO EPOCH 23 - PROGRESS: at 45.28% examples, 221754 words/s, in_qsize 7, out_qsize 0
[2025-10-19 15:00:49,005 ] gensim.models.word2vec INFO EPOCH 23 - PROGRESS: at 91.86% examples, 232301 words/s, in_qsize 6, out_qsize 0
[2025-10-19 15:00:49,120 ] gensim.models.word2vec INFO EPOCH 23: training on 658521 raw words (534301 effective words) took 2.2s, 240367 effective words/s
[2025-10-19 15:00:50,219 ] gensim.models.word2vec INFO EPOCH 24 - PROGRESS: at 45.28% examples, 209398 words/s, in_qsize 8, out_qsize 0
[2025-10-19 15:00:51,220 ] gensim.models.word2vec INFO EPOCH 24 - PROGRESS: at 88.30% examples, 225089 words/s, in_qsize 7, out_qsize 0
[2025-10-19 15:00:51,441 ] gensim.models.word2vec INFO EPOCH 24: training on 658521 raw words (534012 effective words) took 2.3s, 230059 effective words/s
[2025-10-19 15:00:51,441 ] gensim.utils INFO Word2Vec lifecycle event {'msg': 'training on 16463025 raw words (13355180 effective words) took 61.5s, 217144 effective words/s', 'datetime': '2025-10-19T15:00:51.441063', 'gensim': '4.3.2', 'python': '3.8.10 (tags/v3.8.10:3d8993a, May  3 2021, 11:48:03) [MSC v.1928 64 bit (AMD64)]', 'platform': 'Windows-10-10.0.19045-SP0', 'event': 'train'}
[2025-10-19 15:00:51,441 ] gensim.utils INFO Word2Vec lifecycle event {'params': 'Word2Vec<vocab=36434, vector_size=300, alpha=0.025>', 'datetime': '2025-10-19T15:00:51.441063', 'gensim': '4.3.2', 'python': '3.8.10 (tags/v3.8.10:3d8993a, May  3 2021, 11:48:03) [MSC v.1928 64 bit (AMD64)]', 'platform': 'Windows-10-10.0.19045-SP0', 'event': 'created'}
[2025-10-19 15:00:51,451 ] gensim.utils INFO Word2Vec lifecycle event {'fname_or_handle': '../w2v_model/word2vec.model', 'separately': 'None', 'sep_limit': 10485760, 'ignore': frozenset(), 'datetime': '2025-10-19T15:00:51.451239', 'gensim': '4.3.2', 'python': '3.8.10 (tags/v3.8.10:3d8993a, May  3 2021, 11:48:03) [MSC v.1928 64 bit (AMD64)]', 'platform': 'Windows-10-10.0.19045-SP0', 'event': 'saving'}
[2025-10-19 15:00:51,451 ] gensim.utils INFO storing np array 'vectors' to ../w2v_model/word2vec.model.wv.vectors.npy
[2025-10-19 15:00:51,491 ] gensim.utils INFO storing np array 'syn1neg' to ../w2v_model/word2vec.model.syn1neg.npy
[2025-10-19 15:00:51,532 ] gensim.utils INFO not storing attribute cum_table
[2025-10-19 15:00:51,552 ] gensim.utils INFO saved ../w2v_model/word2vec.model
