[2025-10-19 14:53:55,140 ] gensim.models.word2vec INFO collecting all words and their counts
[2025-10-19 14:53:55,140 ] gensim.models.word2vec INFO PROGRESS: at sentence #0, processed 0 words, keeping 0 word types
[2025-10-19 14:53:55,223 ] gensim.models.word2vec INFO collected 36434 word types from a corpus of 658521 raw words and 7749 sentences
[2025-10-19 14:53:55,223 ] gensim.models.word2vec INFO Creating a fresh vocabulary
[2025-10-19 14:53:55,335 ] gensim.utils INFO Word2Vec lifecycle event {'msg': 'effective_min_count=1 retains 36434 unique words (100.00% of original 36434, drops 0)', 'datetime': '2025-10-19T14:53:55.315314', 'gensim': '4.3.2', 'python': '3.8.10 (tags/v3.8.10:3d8993a, May  3 2021, 11:48:03) [MSC v.1928 64 bit (AMD64)]', 'platform': 'Windows-10-10.0.19045-SP0', 'event': 'prepare_vocab'}
[2025-10-19 14:53:55,335 ] gensim.utils INFO Word2Vec lifecycle event {'msg': 'effective_min_count=1 leaves 658521 word corpus (100.00% of original 658521, drops 0)', 'datetime': '2025-10-19T14:53:55.335582', 'gensim': '4.3.2', 'python': '3.8.10 (tags/v3.8.10:3d8993a, May  3 2021, 11:48:03) [MSC v.1928 64 bit (AMD64)]', 'platform': 'Windows-10-10.0.19045-SP0', 'event': 'prepare_vocab'}
[2025-10-19 14:53:55,487 ] gensim.models.word2vec INFO deleting the raw counts dictionary of 36434 items
[2025-10-19 14:53:55,505 ] gensim.models.word2vec INFO sample=0.001 downsamples 39 most-common words
[2025-10-19 14:53:55,505 ] gensim.utils INFO Word2Vec lifecycle event {'msg': 'downsampling leaves estimated 534359.0629332416 word corpus (81.1%% of prior 658521)', 'datetime': '2025-10-19T14:53:55.505856', 'gensim': '4.3.2', 'python': '3.8.10 (tags/v3.8.10:3d8993a, May  3 2021, 11:48:03) [MSC v.1928 64 bit (AMD64)]', 'platform': 'Windows-10-10.0.19045-SP0', 'event': 'prepare_vocab'}
[2025-10-19 14:53:55,752 ] gensim.models.word2vec INFO estimated required memory for 36434 words and 300 dimensions: 105658600 bytes
[2025-10-19 14:53:55,752 ] gensim.models.word2vec INFO resetting layer weights
[2025-10-19 14:53:55,811 ] gensim.utils INFO Word2Vec lifecycle event {'update': False, 'trim_rule': 'None', 'datetime': '2025-10-19T14:53:55.811661', 'gensim': '4.3.2', 'python': '3.8.10 (tags/v3.8.10:3d8993a, May  3 2021, 11:48:03) [MSC v.1928 64 bit (AMD64)]', 'platform': 'Windows-10-10.0.19045-SP0', 'event': 'build_vocab'}
[2025-10-19 14:53:55,811 ] gensim.utils INFO Word2Vec lifecycle event {'msg': 'training model with 4 workers on 36434 vocabulary and 300 features, using sg=1 hs=0 sample=0.001 negative=5 window=5 shrink_windows=True', 'datetime': '2025-10-19T14:53:55.811661', 'gensim': '4.3.2', 'python': '3.8.10 (tags/v3.8.10:3d8993a, May  3 2021, 11:48:03) [MSC v.1928 64 bit (AMD64)]', 'platform': 'Windows-10-10.0.19045-SP0', 'event': 'train'}
[2025-10-19 14:53:56,835 ] gensim.models.word2vec INFO EPOCH 0 - PROGRESS: at 32.84% examples, 165251 words/s, in_qsize 7, out_qsize 0
[2025-10-19 14:53:57,858 ] gensim.models.word2vec INFO EPOCH 0 - PROGRESS: at 69.52% examples, 182158 words/s, in_qsize 8, out_qsize 0
[2025-10-19 14:53:58,662 ] gensim.models.word2vec INFO EPOCH 0: training on 658521 raw words (534398 effective words) took 2.8s, 188949 effective words/s
[2025-10-19 14:53:59,699 ] gensim.models.word2vec INFO EPOCH 1 - PROGRESS: at 32.84% examples, 158428 words/s, in_qsize 7, out_qsize 0
[2025-10-19 14:54:00,738 ] gensim.models.word2vec INFO EPOCH 1 - PROGRESS: at 66.86% examples, 173543 words/s, in_qsize 7, out_qsize 0
[2025-10-19 14:54:01,523 ] gensim.models.word2vec INFO EPOCH 1: training on 658521 raw words (533849 effective words) took 2.9s, 186677 effective words/s
[2025-10-19 14:54:02,612 ] gensim.models.word2vec INFO EPOCH 2 - PROGRESS: at 39.75% examples, 181786 words/s, in_qsize 7, out_qsize 0
[2025-10-19 14:54:03,616 ] gensim.models.word2vec INFO EPOCH 2 - PROGRESS: at 75.74% examples, 192255 words/s, in_qsize 7, out_qsize 0
[2025-10-19 14:54:04,138 ] gensim.models.word2vec INFO EPOCH 2: training on 658521 raw words (534433 effective words) took 2.6s, 204619 effective words/s
[2025-10-19 14:54:05,153 ] gensim.models.word2vec INFO EPOCH 3 - PROGRESS: at 39.75% examples, 195765 words/s, in_qsize 8, out_qsize 0
[2025-10-19 14:54:06,170 ] gensim.models.word2vec INFO EPOCH 3 - PROGRESS: at 76.76% examples, 201895 words/s, in_qsize 8, out_qsize 0
[2025-10-19 14:54:06,678 ] gensim.models.word2vec INFO EPOCH 3: training on 658521 raw words (534636 effective words) took 2.5s, 211196 effective words/s
[2025-10-19 14:54:07,761 ] gensim.models.word2vec INFO EPOCH 4 - PROGRESS: at 45.28% examples, 212963 words/s, in_qsize 7, out_qsize 0
[2025-10-19 14:54:08,837 ] gensim.models.word2vec INFO EPOCH 4 - PROGRESS: at 84.95% examples, 212273 words/s, in_qsize 8, out_qsize 0
[2025-10-19 14:54:09,110 ] gensim.models.word2vec INFO EPOCH 4: training on 658521 raw words (534537 effective words) took 2.4s, 220217 effective words/s
[2025-10-19 14:54:10,109 ] gensim.models.word2vec INFO EPOCH 5 - PROGRESS: at 40.48% examples, 205195 words/s, in_qsize 7, out_qsize 0
[2025-10-19 14:54:11,136 ] gensim.models.word2vec INFO EPOCH 5 - PROGRESS: at 81.56% examples, 214107 words/s, in_qsize 7, out_qsize 0
[2025-10-19 14:54:11,511 ] gensim.models.word2vec INFO EPOCH 5: training on 658521 raw words (534342 effective words) took 2.4s, 222443 effective words/s
[2025-10-19 14:54:12,583 ] gensim.models.word2vec INFO EPOCH 6 - PROGRESS: at 39.75% examples, 185539 words/s, in_qsize 7, out_qsize 0
[2025-10-19 14:54:13,580 ] gensim.models.word2vec INFO EPOCH 6 - PROGRESS: at 79.95% examples, 205739 words/s, in_qsize 7, out_qsize 0
[2025-10-19 14:54:13,977 ] gensim.models.word2vec INFO EPOCH 6: training on 658521 raw words (534447 effective words) took 2.5s, 217039 effective words/s
[2025-10-19 14:54:14,985 ] gensim.models.word2vec INFO EPOCH 7 - PROGRESS: at 40.48% examples, 205084 words/s, in_qsize 8, out_qsize 0
[2025-10-19 14:54:15,999 ] gensim.models.word2vec INFO EPOCH 7 - PROGRESS: at 79.95% examples, 210175 words/s, in_qsize 6, out_qsize 1
[2025-10-19 14:54:16,385 ] gensim.models.word2vec INFO EPOCH 7: training on 658521 raw words (534441 effective words) took 2.4s, 222663 effective words/s
[2025-10-19 14:54:17,456 ] gensim.models.word2vec INFO EPOCH 8 - PROGRESS: at 45.28% examples, 213975 words/s, in_qsize 8, out_qsize 0
[2025-10-19 14:54:18,469 ] gensim.models.word2vec INFO EPOCH 8 - PROGRESS: at 84.95% examples, 219616 words/s, in_qsize 7, out_qsize 0
[2025-10-19 14:54:18,725 ] gensim.models.word2vec INFO EPOCH 8: training on 658521 raw words (534352 effective words) took 2.3s, 227423 effective words/s
[2025-10-19 14:54:19,837 ] gensim.models.word2vec INFO EPOCH 9 - PROGRESS: at 45.28% examples, 209339 words/s, in_qsize 7, out_qsize 0
[2025-10-19 14:54:20,837 ] gensim.models.word2vec INFO EPOCH 9 - PROGRESS: at 86.62% examples, 221512 words/s, in_qsize 7, out_qsize 0
[2025-10-19 14:54:21,097 ] gensim.models.word2vec INFO EPOCH 9: training on 658521 raw words (534153 effective words) took 2.4s, 226713 effective words/s
[2025-10-19 14:54:22,162 ] gensim.models.word2vec INFO EPOCH 10 - PROGRESS: at 32.84% examples, 155351 words/s, in_qsize 7, out_qsize 0
[2025-10-19 14:54:23,222 ] gensim.models.word2vec INFO EPOCH 10 - PROGRESS: at 57.03% examples, 139678 words/s, in_qsize 7, out_qsize 0
[2025-10-19 14:54:24,280 ] gensim.models.word2vec INFO EPOCH 10 - PROGRESS: at 88.30% examples, 148797 words/s, in_qsize 7, out_qsize 0
[2025-10-19 14:54:24,603 ] gensim.models.word2vec INFO EPOCH 10: training on 658521 raw words (533890 effective words) took 3.5s, 152435 effective words/s
[2025-10-19 14:54:25,662 ] gensim.models.word2vec INFO EPOCH 11 - PROGRESS: at 19.33% examples, 98039 words/s, in_qsize 7, out_qsize 0
[2025-10-19 14:54:26,697 ] gensim.models.word2vec INFO EPOCH 11 - PROGRESS: at 65.11% examples, 160804 words/s, in_qsize 7, out_qsize 0
[2025-10-19 14:54:27,581 ] gensim.models.word2vec INFO EPOCH 11: training on 658521 raw words (534359 effective words) took 3.0s, 179529 effective words/s
[2025-10-19 14:54:28,596 ] gensim.models.word2vec INFO EPOCH 12 - PROGRESS: at 39.75% examples, 196370 words/s, in_qsize 7, out_qsize 0
[2025-10-19 14:54:29,606 ] gensim.models.word2vec INFO EPOCH 12 - PROGRESS: at 77.93% examples, 207054 words/s, in_qsize 7, out_qsize 0
[2025-10-19 14:54:30,190 ] gensim.models.word2vec INFO EPOCH 12: training on 658521 raw words (534380 effective words) took 2.6s, 205169 effective words/s
[2025-10-19 14:54:31,228 ] gensim.models.word2vec INFO EPOCH 13 - PROGRESS: at 39.75% examples, 191964 words/s, in_qsize 8, out_qsize 0
[2025-10-19 14:54:32,228 ] gensim.models.word2vec INFO EPOCH 13 - PROGRESS: at 79.55% examples, 209252 words/s, in_qsize 7, out_qsize 0
[2025-10-19 14:54:32,628 ] gensim.models.word2vec INFO EPOCH 13: training on 658521 raw words (534690 effective words) took 2.4s, 219530 effective words/s
[2025-10-19 14:54:33,652 ] gensim.models.word2vec INFO EPOCH 14 - PROGRESS: at 45.28% examples, 227220 words/s, in_qsize 8, out_qsize 0
[2025-10-19 14:54:34,677 ] gensim.models.word2vec INFO EPOCH 14 - PROGRESS: at 88.30% examples, 231985 words/s, in_qsize 8, out_qsize 0
[2025-10-19 14:54:34,917 ] gensim.models.word2vec INFO EPOCH 14: training on 658521 raw words (534587 effective words) took 2.3s, 234573 effective words/s
[2025-10-19 14:54:35,963 ] gensim.models.word2vec INFO EPOCH 15 - PROGRESS: at 45.28% examples, 219519 words/s, in_qsize 8, out_qsize 0
[2025-10-19 14:54:36,967 ] gensim.models.word2vec INFO EPOCH 15 - PROGRESS: at 88.30% examples, 230928 words/s, in_qsize 8, out_qsize 0
[2025-10-19 14:54:37,199 ] gensim.models.word2vec INFO EPOCH 15: training on 658521 raw words (534316 effective words) took 2.3s, 234384 effective words/s
[2025-10-19 14:54:38,233 ] gensim.models.word2vec INFO EPOCH 16 - PROGRESS: at 45.28% examples, 222291 words/s, in_qsize 8, out_qsize 0
[2025-10-19 14:54:39,237 ] gensim.models.word2vec INFO EPOCH 16 - PROGRESS: at 88.30% examples, 232477 words/s, in_qsize 7, out_qsize 0
[2025-10-19 14:54:39,456 ] gensim.models.word2vec INFO EPOCH 16: training on 658521 raw words (534357 effective words) took 2.3s, 236865 effective words/s
[2025-10-19 14:54:40,531 ] gensim.models.word2vec INFO EPOCH 17 - PROGRESS: at 45.28% examples, 215231 words/s, in_qsize 7, out_qsize 0
[2025-10-19 14:54:41,621 ] gensim.models.word2vec INFO EPOCH 17 - PROGRESS: at 91.86% examples, 227225 words/s, in_qsize 6, out_qsize 0
[2025-10-19 14:54:41,716 ] gensim.models.word2vec INFO EPOCH 17: training on 658521 raw words (534444 effective words) took 2.3s, 236874 effective words/s
[2025-10-19 14:54:42,733 ] gensim.models.word2vec INFO EPOCH 18 - PROGRESS: at 40.48% examples, 202894 words/s, in_qsize 6, out_qsize 1
[2025-10-19 14:54:43,776 ] gensim.models.word2vec INFO EPOCH 18 - PROGRESS: at 69.52% examples, 179903 words/s, in_qsize 7, out_qsize 0
[2025-10-19 14:54:44,775 ] gensim.models.word2vec INFO EPOCH 18: training on 658521 raw words (534185 effective words) took 3.0s, 175208 effective words/s
[2025-10-19 14:54:45,796 ] gensim.models.word2vec INFO EPOCH 19 - PROGRESS: at 26.00% examples, 132081 words/s, in_qsize 7, out_qsize 0
[2025-10-19 14:54:46,831 ] gensim.models.word2vec INFO EPOCH 19 - PROGRESS: at 58.72% examples, 148391 words/s, in_qsize 7, out_qsize 0
[2025-10-19 14:54:47,830 ] gensim.models.word2vec INFO EPOCH 19 - PROGRESS: at 93.38% examples, 162853 words/s, in_qsize 5, out_qsize 0
[2025-10-19 14:54:47,943 ] gensim.models.word2vec INFO EPOCH 19: training on 658521 raw words (534148 effective words) took 3.2s, 168604 effective words/s
[2025-10-19 14:54:49,005 ] gensim.models.word2vec INFO EPOCH 20 - PROGRESS: at 45.28% examples, 217634 words/s, in_qsize 8, out_qsize 0
[2025-10-19 14:54:50,009 ] gensim.models.word2vec INFO EPOCH 20 - PROGRESS: at 88.30% examples, 229203 words/s, in_qsize 7, out_qsize 0
[2025-10-19 14:54:50,247 ] gensim.models.word2vec INFO EPOCH 20: training on 658521 raw words (534565 effective words) took 2.3s, 232205 effective words/s
[2025-10-19 14:54:51,354 ] gensim.models.word2vec INFO EPOCH 21 - PROGRESS: at 45.28% examples, 209678 words/s, in_qsize 7, out_qsize 0
[2025-10-19 14:54:52,440 ] gensim.models.word2vec INFO EPOCH 21 - PROGRESS: at 91.86% examples, 223641 words/s, in_qsize 6, out_qsize 0
[2025-10-19 14:54:52,563 ] gensim.models.word2vec INFO EPOCH 21: training on 658521 raw words (534655 effective words) took 2.3s, 231669 effective words/s
[2025-10-19 14:54:53,598 ] gensim.models.word2vec INFO EPOCH 22 - PROGRESS: at 45.28% examples, 222474 words/s, in_qsize 8, out_qsize 0
[2025-10-19 14:54:54,608 ] gensim.models.word2vec INFO EPOCH 22 - PROGRESS: at 85.30% examples, 224263 words/s, in_qsize 8, out_qsize 0
[2025-10-19 14:54:54,890 ] gensim.models.word2vec INFO EPOCH 22: training on 658521 raw words (534403 effective words) took 2.3s, 229866 effective words/s
[2025-10-19 14:54:55,943 ] gensim.models.word2vec INFO EPOCH 23 - PROGRESS: at 45.28% examples, 218425 words/s, in_qsize 8, out_qsize 0
[2025-10-19 14:54:57,030 ] gensim.models.word2vec INFO EPOCH 23 - PROGRESS: at 91.86% examples, 229274 words/s, in_qsize 6, out_qsize 0
[2025-10-19 14:54:57,133 ] gensim.models.word2vec INFO EPOCH 23: training on 658521 raw words (534326 effective words) took 2.2s, 238903 effective words/s
[2025-10-19 14:54:58,175 ] gensim.models.word2vec INFO EPOCH 24 - PROGRESS: at 45.28% examples, 220851 words/s, in_qsize 8, out_qsize 0
[2025-10-19 14:54:59,260 ] gensim.models.word2vec INFO EPOCH 24 - PROGRESS: at 91.86% examples, 230698 words/s, in_qsize 6, out_qsize 0
[2025-10-19 14:54:59,375 ] gensim.models.word2vec INFO EPOCH 24: training on 658521 raw words (534480 effective words) took 2.2s, 238361 effective words/s
[2025-10-19 14:54:59,375 ] gensim.utils INFO Word2Vec lifecycle event {'msg': 'training on 16463025 raw words (13359373 effective words) took 63.6s, 210191 effective words/s', 'datetime': '2025-10-19T14:54:59.375154', 'gensim': '4.3.2', 'python': '3.8.10 (tags/v3.8.10:3d8993a, May  3 2021, 11:48:03) [MSC v.1928 64 bit (AMD64)]', 'platform': 'Windows-10-10.0.19045-SP0', 'event': 'train'}
[2025-10-19 14:54:59,375 ] gensim.utils INFO Word2Vec lifecycle event {'params': 'Word2Vec<vocab=36434, vector_size=300, alpha=0.025>', 'datetime': '2025-10-19T14:54:59.375154', 'gensim': '4.3.2', 'python': '3.8.10 (tags/v3.8.10:3d8993a, May  3 2021, 11:48:03) [MSC v.1928 64 bit (AMD64)]', 'platform': 'Windows-10-10.0.19045-SP0', 'event': 'created'}
[2025-10-19 14:54:59,375 ] gensim.utils INFO Word2Vec lifecycle event {'fname_or_handle': '../w2v_model/word2vec.model', 'separately': 'None', 'sep_limit': 10485760, 'ignore': frozenset(), 'datetime': '2025-10-19T14:54:59.375154', 'gensim': '4.3.2', 'python': '3.8.10 (tags/v3.8.10:3d8993a, May  3 2021, 11:48:03) [MSC v.1928 64 bit (AMD64)]', 'platform': 'Windows-10-10.0.19045-SP0', 'event': 'saving'}
[2025-10-19 14:54:59,383 ] gensim.utils INFO storing np array 'vectors' to ../w2v_model/word2vec.model.wv.vectors.npy
